<?xml version="1.0" encoding="UTF-8"?>
<testsuite xmlns:xsi="http://www.w3.org/2001/XMLSchema-instance" xsi:noNamespaceSchemaLocation="https://maven.apache.org/surefire/maven-surefire-plugin/xsd/surefire-test-report.xsd" name="WordSearchTest" time="0.043" tests="11" errors="0" skipped="0" failures="0">
  <properties>
[...]
</properties>
  <testcase name="whenSearchingEachDiagonalRowAscBackward_AreAnyWordsPresent" classname="WordSearchTest" time="0.015"/>
  <testcase name="whenSearchingEachDiagonalRowAscForward_AreAnyWordsPresent" classname="WordSearchTest" time="0.002"/>
  <testcase name="whenSearchingEachColumnVerticallyBackward_AreAnyWordsPresent" classname="WordSearchTest" time="0.002"/>
  <testcase name="whenSearchingEachDiagonalRowDescForward_AreAnyWordsPresent" classname="WordSearchTest" time="0.002"/>
  <testcase name="whenWordSearchIsCreated_VerifyTheInitialOutputIsEmpty" classname="WordSearchTest" time="0.003"/>
  <testcase name="whenWordSearchIsCreated_VerifyTheWordsToFindAreIdentified" classname="WordSearchTest" time="0.001"/>
  <testcase name="whenSearchingEachDiagonalRowDescBackward_AreAnyWordsPresent" classname="WordSearchTest" time="0.002"/>
  <testcase name="whenSearchingEachRowHorizontalForward_AreAnyWordsPresent" classname="WordSearchTest" time="0.002"/>
  <testcase name="whenSearchingEachRowHorizontalBackward_AreAnyWordsPresent" classname="WordSearchTest" time="0.001"/>
  <testcase name="whenWordSearchIsCreated_VerifyTheDimensionsOfGridAreIdentified" classname="WordSearchTest" time="0.001"/>
  <testcase name="whenSearchingEachColumnVerticalForward_AreAnyWordsPresent" classname="WordSearchTest" time="0.002"/>
</testsuite>